\BOOKMARK [1][-]{section*.3}{\376\377\000\332\000v\000o\000d}{}% 1
\BOOKMARK [1][-]{part.1}{\376\377\000I\000\040\000T\000e\000o\000r\000e\000t\000i\000c\000k\000\341\000\040\001\015\000\341\000s\000t}{}% 2
\BOOKMARK [1][-]{section.1}{\376\377\000N\000a\000d\000p\000i\000s\000y\000\040\000a\000\040\000p\000o\000d\000n\000a\000d\000p\000i\000s\000y}{}% 3
\BOOKMARK [2][-]{subsection.1.1}{\376\377\000P\000o\000d\000n\000a\000d\000p\000i\000s\000\040\000A}{section.1}% 4
\BOOKMARK [2][-]{subsection.1.2}{\376\377\000P\000o\000d\000n\000a\000d\000p\000i\000s\000\040\000B}{section.1}% 5
\BOOKMARK [2][-]{subsection.1.3}{\376\377\000P\000o\000d\000n\000a\000d\000p\000i\000s\000\040\000C}{section.1}% 6
\BOOKMARK [3][-]{subsubsection.1.3.1}{\376\377\000P\000o\000d\000p\000o\000d\000n\000a\000d\000p\000i\000s\000\040\000a\000l\000f\000a}{subsection.1.3}% 7
\BOOKMARK [3][-]{subsubsection.1.3.2}{\376\377\000P\000o\000d\000p\000o\000d\000n\000a\000d\000p\000i\000s\000\040\000b\000e\000t\000a}{subsection.1.3}% 8
\BOOKMARK [3][-]{subsubsection.1.3.3}{\376\377\000P\000o\000d\000p\000o\000d\000n\000a\000d\000p\000i\000s\000\040\000g\000a\000m\000a}{subsection.1.3}% 9
\BOOKMARK [2][-]{subsection.1.4}{\376\377\000P\000o\000d\000n\000a\000d\000p\000i\000s\000\040\000D}{section.1}% 10
\BOOKMARK [1][-]{section.2}{\376\377\000V\000k\000l\000\341\000d\000\341\000n\000\355\000\040\000o\000b\000r\000\341\000z\000k\001\157\000,\000\040\000t\000a\000b\000u\000l\000e\000k\000\040\000a\000\040\000c\000i\000t\000a\000c\000\355}{}% 11
\BOOKMARK [2][-]{subsection.2.1}{\376\377\000O\000b\000r\000\341\000z\000e\000k}{section.2}% 12
\BOOKMARK [2][-]{subsection.2.2}{\376\377\000T\000a\000b\000u\000l\000k\000a}{section.2}% 13
\BOOKMARK [2][-]{subsection.2.3}{\376\377\000C\000i\000t\000o\000v\000\341\000n\000\355}{section.2}% 14
\BOOKMARK [1][-]{part.2}{\376\377\000I\000I\000\040\000P\000r\000a\000k\000t\000i\000c\000k\000\341\000\040\001\015\000\341\000s\000t}{}% 15
\BOOKMARK [1][-]{section.3}{\376\377\000N\000a\000d\000p\000i\000s\000\040\000p\000r\000v\000n\000\355\000\040\000k\000a\000p\000i\000t\000o\000l\000y\000\040\000p\000r\000a\000k\000t\000i\000c\000k\000\351\000\040\001\015\000\341\000s\000t\000i}{}% 16
\BOOKMARK [1][-]{section*.7}{\376\377\000Z\000\341\000v\001\033\000r}{}% 17
\BOOKMARK [1][-]{section*.9}{\376\377\000S\000e\000z\000n\000a\000m\000\040\000p\000o\000u\001\176\000i\000t\000\351\000\040\000l\000i\000t\000e\000r\000a\000t\000u\000r\000y\000\040}{}% 18
\BOOKMARK [1][-]{section*.11}{\376\377\000S\000e\000z\000n\000a\000m\000\040\000p\000o\000u\001\176\000i\000t\000\375\000c\000h\000\040\000s\000y\000m\000b\000o\000l\001\157\000\040\000a\000\040\000z\000k\000r\000a\000t\000e\000k}{}% 19
\BOOKMARK [1][-]{section*.13}{\376\377\000S\000e\000z\000n\000a\000m\000\040\000o\000b\000r\000\341\000z\000k\001\157}{}% 20
\BOOKMARK [1][-]{section*.14}{\376\377\000S\000e\000z\000n\000a\000m\000\040\000t\000a\000b\000u\000l\000e\000k}{}% 21
\BOOKMARK [1][-]{section*.15}{\376\377\000S\000e\000z\000n\000a\000m\000\040\000p\001\131\000\355\000l\000o\000h}{}% 22
